- [OUTPUT] ft_printf("%.p", &ncm_p)
   expected: "0x595cd053a014"
   actual:   "0xd053a014"

- [OUTPUT] ft_printf("%-p", &ncm_p)
   expected: "0x595cd053a014"
   actual:   "0xd053a014"

- [OUTPUT] ft_printf("%-s", NULL)
   expected: "(null)"
   actual:   ""

- [OUTPUT] ft_printf("%23s", NULL)
   expected: "                 (null)"
   actual:   ""

- [OUTPUT] ft_printf("%p", NULL)
   expected: "(nil)"
   actual:   "0x0"

- [OUTPUT] ft_printf("%s", NULL)
   expected: "(null)"
   actual:   ""

- [OUTPUT] ft_printf("%.3s", "hello")
   expected: "hel"
   actual:   "hello"

- [OUTPUT] ft_printf("%.s", "hello")
   expected: ""
   actual:   "hello"

- [OUTPUT] ft_printf("%.0s", "hello")
   expected: ""
   actual:   "hello"

- [OUTPUT] ft_printf("%.3s%.2s", "holla", "bitch")
   expected: "holbi"
   actual:   "hollabitch"

- [OUTPUT] ft_printf("%.2s%.7s", "hello", "world")
   expected: "heworld"
   actual:   "helloworld"

- [OUTPUT] ft_printf("%.7s%.2s", "hello", "world")
   expected: "hellowo"
   actual:   "helloworld"

- [OUTPUT] ft_printf("%7.5s", "bombastic")
   expected: "  bomba"
   actual:   "bombastic"

- [OUTPUT] ft_printf("%-7.5s", "tubular")
   expected: "tubul  "
   actual:   "tubular"

- [OUTPUT] ft_printf("%7.3s%7.7s", "hello", "world")
   expected: "    hel  world"
   actual:   "  hello  world"

- [OUTPUT] ft_printf("%3.3s%7.7s", "hello", "world")
   expected: "hel  world"
   actual:   "hello  world"

- [OUTPUT] ft_printf("%7.3s%3.7s", "hello", "world")
   expected: "    helworld"
   actual:   "  helloworld"

- [OUTPUT] ft_printf("%3.3s%3.7s", "hello", "world")
   expected: "helworld"
   actual:   "helloworld"

- [OUTPUT] ft_printf("%7.7s%7.3s", "hello", "world")
   expected: "  hello    wor"
   actual:   "  hello  world"

- [OUTPUT] ft_printf("%3.7s%7.3s", "hello", "world")
   expected: "hello    wor"
   actual:   "hello  world"

- [OUTPUT] ft_printf("%7.7s%3.3s", "hello", "world")
   expected: "  hellowor"
   actual:   "  helloworld"

- [OUTPUT] ft_printf("%3.7s%3.3s", "hello", "world")
   expected: "hellowor"
   actual:   "helloworld"

- [OUTPUT] ft_printf("%7.3s%7.3s", "hello", "world")
   expected: "    hel    wor"
   actual:   "  hello  world"

- [OUTPUT] ft_printf("%3.3s%7.3s", "hello", "world")
   expected: "hel    wor"
   actual:   "hello  world"

- [OUTPUT] ft_printf("%7.3s%3.3s", "hello", "world")
   expected: "    helwor"
   actual:   "  helloworld"

- [OUTPUT] ft_printf("%3.3s%3.3s", "hello", "world")
   expected: "helwor"
   actual:   "helloworld"

- [OUTPUT] ft_printf("hello, %s.", NULL)
   expected: "hello, (null)."
   actual:   "hello, "

- [OUTPUT] ft_printf("%s", NULL)
   expected: "(null)"
   actual:   ""

- [OUTPUT] ft_printf("%32s", NULL)
   expected: "                          (null)"
   actual:   ""

- [OUTPUT] ft_printf("%2s", NULL)
   expected: "(null)"
   actual:   ""

- [OUTPUT] ft_printf("%-32s", NULL)
   expected: "(null)                          "
   actual:   ""

- [OUTPUT] ft_printf("%-16s", NULL)
   expected: "(null)          "
   actual:   ""

- [OUTPUT] ft_printf("%-3s", NULL)
   expected: "(null)"
   actual:   ""

- [OUTPUT] ft_printf("%.3s", "NULL")
   expected: "NUL"
   actual:   "NULL"

- [OUTPUT] ft_printf("%.s", "NULL")
   expected: ""
   actual:   "NULL"

- [OUTPUT] ft_printf("%.0s", "NULL")
   expected: ""
   actual:   "NULL"

- [OUTPUT] ft_printf("%.s", s_hidden)
   expected: ""
   actual:   "hi low"

- [OUTPUT] ft_printf("%.03s", s_hidden)
   expected: "hi "
   actual:   "hi low"

- [OUTPUT] ft_printf("%.09s", NULL)
   expected: "(null)"
   actual:   ""

- [OUTPUT] ft_printf("%3.s", s_hidden)
   expected: "   "
   actual:   "hi low"

- [OUTPUT] ft_printf("%10.s", s_hidden)
   expected: "          "
   actual:   "    hi low"

- [OUTPUT] ft_printf("%3.s", NULL)
   expected: "   "
   actual:   ""

- [OUTPUT] ft_printf("%10.s", NULL)
   expected: "          "
   actual:   ""

- [OUTPUT] ft_printf("%-3.s", s_hidden)
   expected: "   "
   actual:   "hi low"

- [OUTPUT] ft_printf("%-8.s", s_hidden)
   expected: "        "
   actual:   "hi low  "

- [OUTPUT] ft_printf("%-3.s", NULL)
   expected: "   "
   actual:   ""

- [OUTPUT] ft_printf("%-8.s", NULL)
   expected: "        "
   actual:   ""

- [OUTPUT] ft_printf("%3.1s", s_hidden)
   expected: "  h"
   actual:   "hi low"

- [OUTPUT] ft_printf("%10.1s", s_hidden)
   expected: "         h"
   actual:   "    hi low"

- [OUTPUT] ft_printf("%3.1s", NULL)
   expected: "   "
   actual:   ""

- [OUTPUT] ft_printf("%9.1s", NULL)
   expected: "         "
   actual:   ""

- [OUTPUT] ft_printf("%-3.1s", s_hidden)
   expected: "h  "
   actual:   "hi low"

- [OUTPUT] ft_printf("%-10.1s", s_hidden)
   expected: "h         "
   actual:   "hi low    "

- [OUTPUT] ft_printf("%-3.1s", NULL)
   expected: "   "
   actual:   ""

- [OUTPUT] ft_printf("%-9.1s", NULL)
   expected: "         "
   actual:   ""

- [OUTPUT] ft_printf("%3.6s", NULL)
   expected: "(null)"
   actual:   ""

- [OUTPUT] ft_printf("%20.6s", NULL)
   expected: "              (null)"
   actual:   ""

- [OUTPUT] ft_printf("%-3.8s", NULL)
   expected: "(null)"
   actual:   ""

- [OUTPUT] ft_printf("%-10.8s", NULL)
   expected: "(null)    "
   actual:   ""

- [OUTPUT] ft_printf("%-.00s", s_hidden)
   expected: ""
   actual:   "hi low"

- [OUTPUT] ft_printf("%07i", -54)
   expected: "-000054"
   actual:   "0000-54"

- [OUTPUT] ft_printf("%.0i", 0)
   expected: ""
   actual:   "0"

- [OUTPUT] ft_printf("%.i", 0)
   expected: ""
   actual:   "0"

- [OUTPUT] ft_printf("%5.0i", 0)
   expected: "     "
   actual:   "    0"

- [OUTPUT] ft_printf("%5.i", 0)
   expected: "     "
   actual:   "    0"

- [OUTPUT] ft_printf("%-5.0i", 0)
   expected: "     "
   actual:   "0    "

- [OUTPUT] ft_printf("%-5.i", 0)
   expected: "     "
   actual:   "0    "

- [OUTPUT] ft_printf("%07d", -54)
   expected: "-000054"
   actual:   "0000-54"

- [OUTPUT] ft_printf("%.0d", 0)
   expected: ""
   actual:   "0"

- [OUTPUT] ft_printf("%.d", 0)
   expected: ""
   actual:   "0"

- [OUTPUT] ft_printf("%5.0d", 0)
   expected: "     "
   actual:   "    0"

- [OUTPUT] ft_printf("%5.d", 0)
   expected: "     "
   actual:   "    0"

- [OUTPUT] ft_printf("%-5.0d", 0)
   expected: "     "
   actual:   "0    "

- [OUTPUT] ft_printf("%-5.d", 0)
   expected: "     "
   actual:   "0    "

- [OUTPUT] ft_printf("this %u number", 17)
   expected: "this 17 number"
   actual:   "this "

- [OUTPUT] ft_printf("this %u number", 0)
   expected: "this 0 number"
   actual:   "this "

- [OUTPUT] ft_printf("%u", 3)
   expected: "3"
   actual:   ""

- [OUTPUT] ft_printf("%u", 4294967295u)
   expected: "4294967295"
   actual:   ""

- [OUTPUT] ft_printf("%7u", 33)
   expected: "     33"
   actual:   ""

- [OUTPUT] ft_printf("%3u", 0)
   expected: "  0"
   actual:   ""

- [OUTPUT] ft_printf("%5u", 52625)
   expected: "52625"
   actual:   ""

- [OUTPUT] ft_printf("%4u", 94827)
   expected: "94827"
   actual:   ""

- [OUTPUT] ft_printf("%-7u", 33)
   expected: "33     "
   actual:   ""

- [OUTPUT] ft_printf("%-3u", 0)
   expected: "0  "
   actual:   ""

- [OUTPUT] ft_printf("%-5u", 52625)
   expected: "52625"
   actual:   ""

- [OUTPUT] ft_printf("%-4u", 94827)
   expected: "94827"
   actual:   ""

- [OUTPUT] ft_printf("%.5u", 2)
   expected: "00002"
   actual:   ""

- [OUTPUT] ft_printf("%.3u", 0)
   expected: "000"
   actual:   ""

- [OUTPUT] ft_printf("%.4u", 5263)
   expected: "5263"
   actual:   ""

- [OUTPUT] ft_printf("%.3u", 13862)
   expected: "13862"
   actual:   ""

- [OUTPUT] ft_printf("%05u", 43)
   expected: "00043"
   actual:   ""

- [OUTPUT] ft_printf("%03u", 0)
   expected: "000"
   actual:   ""

- [OUTPUT] ft_printf("%03u", 634)
   expected: "634"
   actual:   ""

- [OUTPUT] ft_printf("%8.5u", 34)
   expected: "   00034"
   actual:   ""

- [OUTPUT] ft_printf("%8.5u", 0)
   expected: "   00000"
   actual:   ""

- [OUTPUT] ft_printf("%8.3u", 8375)
   expected: "    8375"
   actual:   ""

- [OUTPUT] ft_printf("%3.7u", 3267)
   expected: "0003267"
   actual:   ""

- [OUTPUT] ft_printf("%3.3u", 6983)
   expected: "6983"
   actual:   ""

- [OUTPUT] ft_printf("%-8.5u", 34)
   expected: "00034   "
   actual:   ""

- [OUTPUT] ft_printf("%-8.5u", 0)
   expected: "00000   "
   actual:   ""

- [OUTPUT] ft_printf("%-8.3u", 8375)
   expected: "8375    "
   actual:   ""

- [OUTPUT] ft_printf("%-3.7u", 3267)
   expected: "0003267"
   actual:   ""

- [OUTPUT] ft_printf("%-3.3u", 6983)
   expected: "6983"
   actual:   ""

- [OUTPUT] ft_printf("%08.5u", 34)
   expected: "   00034"
   actual:   ""

- [OUTPUT] ft_printf("%08.5u", 0)
   expected: "   00000"
   actual:   ""

- [OUTPUT] ft_printf("%08.3u", 8375)
   expected: "    8375"
   actual:   ""

- [OUTPUT] ft_printf("%03.7u", 3267)
   expected: "0003267"
   actual:   ""

- [OUTPUT] ft_printf("%03.3u", 6983)
   expected: "6983"
   actual:   ""

- [OUTPUT] ft_printf("%5.0u", 0)
   expected: "     "
   actual:   ""

- [OUTPUT] ft_printf("%5.u", 0)
   expected: "     "
   actual:   ""

- [OUTPUT] ft_printf("%-5.0u", 0)
   expected: "     "
   actual:   ""

- [OUTPUT] ft_printf("%-5.u", 0)
   expected: "     "
   actual:   ""

- [OUTPUT] ft_printf("%.0x", 0)
   expected: ""
   actual:   "0"

- [OUTPUT] ft_printf("%.x", 0)
   expected: ""
   actual:   "0"

- [OUTPUT] ft_printf("%5.0x", 0)
   expected: "     "
   actual:   "    0"

- [OUTPUT] ft_printf("%5.x", 0)
   expected: "     "
   actual:   "    0"

- [OUTPUT] ft_printf("%-5.0x", 0)
   expected: "     "
   actual:   "0    "

- [OUTPUT] ft_printf("%-5.x", 0)
   expected: "     "
   actual:   "0    "

- [OUTPUT] ft_printf("%.0x", 0)
   expected: ""
   actual:   "0"

- [OUTPUT] ft_printf("%.x", 0)
   expected: ""
   actual:   "0"

- [OUTPUT] ft_printf("%5.0x", 0)
   expected: "     "
   actual:   "    0"

- [OUTPUT] ft_printf("%5.x", 0)
   expected: "     "
   actual:   "    0"

- [OUTPUT] ft_printf("%-5.0x", 0)
   expected: "     "
   actual:   "0    "

- [OUTPUT] ft_printf("%-5.x", 0)
   expected: "     "
   actual:   "0    "

- [OUTPUT] ft_printf("%.0X", 0)
   expected: ""
   actual:   "0"

- [OUTPUT] ft_printf("%.X", 0)
   expected: ""
   actual:   "0"

- [OUTPUT] ft_printf("%5.0X", 0)
   expected: "     "
   actual:   "    0"

- [OUTPUT] ft_printf("%5.X", 0)
   expected: "     "
   actual:   "    0"

- [OUTPUT] ft_printf("%-5.0X", 0)
   expected: "     "
   actual:   "0    "

- [OUTPUT] ft_printf("%-5.X", 0)
   expected: "     "
   actual:   "0    "

- [OUTPUT] ft_printf("%p", NULL)
   expected: "(nil)"
   actual:   "0x0"

- [OUTPUT] ft_printf("%p%p%p%p%p%p%p%p%p%p%p%p",&a01,&a02,&a03,&a04,&a05,&a06,&a07,&a08,&a09,&a10,&a11,&a12)
   expected: "0x595cd054a1680x595cd054a1690x595cd054a16a0x595cd054a16c0x595cd054a1700x595cd054a1740x595cd054a1780x595cd054a1800x595cd054a1880x595cd054a1900x595cd054a1980x595cd054a1a0"
   actual:   "0xd054a1680xd054a1690xd054a16a0xd054a16c0xd054a1700xd054a1740xd054a1780xd054a1800xd054a1880xd054a1900xd054a1980xd054a1a0"

- [OUTPUT] ft_printf("%70p%70p%70p%70p%70p%70p%70p%70p%70p%70p%70p%70p",&a01,&a02,&a03,&a04,&a05,&a06,&a07,&a08,&a09,&a10,&a11,&a12)
   expected: "                                                        0x595cd054a168                                                        0x595cd054a169                                                        0x595cd054a16a                                                        0x595cd054a16c                                                        0x595cd054a170                                                        0x595cd054a174                                                        0x595cd054a178                                                        0x595cd054a180                                                        0x595cd054a188                                                        0x595cd054a190                                                        0x595cd054a198                                                        0x595cd054a1a0"
   actual:   "                                                            0xd054a168                                                            0xd054a169                                                            0xd054a16a                                                            0xd054a16c                                                            0xd054a170                                                            0xd054a174                                                            0xd054a178                                                            0xd054a180                                                            0xd054a188                                                            0xd054a190                                                            0xd054a198                                                            0xd054a1a0"

- [OUTPUT] ft_printf("%5p%5p%5p%5p%5p%5p%5p%5p%5p%5p%5p%5p",&a01,&a02,&a03,&a04,&a05,&a06,&a07,&a08,&a09,&a10,&a11,&a12)
   expected: "0x595cd054a1680x595cd054a1690x595cd054a16a0x595cd054a16c0x595cd054a1700x595cd054a1740x595cd054a1780x595cd054a1800x595cd054a1880x595cd054a1900x595cd054a1980x595cd054a1a0"
   actual:   "0xd054a1680xd054a1690xd054a16a0xd054a16c0xd054a1700xd054a1740xd054a1780xd054a1800xd054a1880xd054a1900xd054a1980xd054a1a0"

- [OUTPUT] ft_printf("%16p%16p%16p%16p%16p%16p%16p%16p%16p%16p%16p%16p",&a01,&a02,&a03,&a04,&a05,&a06,&a07,&a08,&a09,&a10,&a11,&a12)
   expected: "  0x595cd054a168  0x595cd054a169  0x595cd054a16a  0x595cd054a16c  0x595cd054a170  0x595cd054a174  0x595cd054a178  0x595cd054a180  0x595cd054a188  0x595cd054a190  0x595cd054a198  0x595cd054a1a0"
   actual:   "      0xd054a168      0xd054a169      0xd054a16a      0xd054a16c      0xd054a170      0xd054a174      0xd054a178      0xd054a180      0xd054a188      0xd054a190      0xd054a198      0xd054a1a0"

- [OUTPUT] ft_printf("%8p%8p%8p%8p%8p%8p%8p%8p%8p%8p%8p%8p",&a01,&a02,&a03,&a04,&a05,&a06,&a07,&a08,&a09,&a10,&a11,&a12)
   expected: "0x595cd054a1680x595cd054a1690x595cd054a16a0x595cd054a16c0x595cd054a1700x595cd054a1740x595cd054a1780x595cd054a1800x595cd054a1880x595cd054a1900x595cd054a1980x595cd054a1a0"
   actual:   "0xd054a1680xd054a1690xd054a16a0xd054a16c0xd054a1700xd054a1740xd054a1780xd054a1800xd054a1880xd054a1900xd054a1980xd054a1a0"

- [OUTPUT] ft_printf("%32p%32p%32p%32p%32p%32p%32p%32p%32p%32p%32p%32p",&a01,&a02,&a03,&a04,&a05,&a06,&a07,&a08,&a09,&a10,&a11,&a12)
   expected: "                  0x595cd054a168                  0x595cd054a169                  0x595cd054a16a                  0x595cd054a16c                  0x595cd054a170                  0x595cd054a174                  0x595cd054a178                  0x595cd054a180                  0x595cd054a188                  0x595cd054a190                  0x595cd054a198                  0x595cd054a1a0"
   actual:   "                      0xd054a168                      0xd054a169                      0xd054a16a                      0xd054a16c                      0xd054a170                      0xd054a174                      0xd054a178                      0xd054a180                      0xd054a188                      0xd054a190                      0xd054a198                      0xd054a1a0"

- [OUTPUT] ft_printf("%-70p%-70p%-70p%-70p%-70p%-70p%-70p%-70p%-70p%-70p%-70p%-70p",&a01,&a02,&a03,&a04,&a05,&a06,&a07,&a08,&a09,&a10,&a11,&a12)
   expected: "0x595cd054a168                                                        0x595cd054a169                                                        0x595cd054a16a                                                        0x595cd054a16c                                                        0x595cd054a170                                                        0x595cd054a174                                                        0x595cd054a178                                                        0x595cd054a180                                                        0x595cd054a188                                                        0x595cd054a190                                                        0x595cd054a198                                                        0x595cd054a1a0                                                        "
   actual:   "0xd054a168                                                            0xd054a169                                                            0xd054a16a                                                            0xd054a16c                                                            0xd054a170                                                            0xd054a174                                                            0xd054a178                                                            0xd054a180                                                            0xd054a188                                                            0xd054a190                                                            0xd054a198                                                            0xd054a1a0                                                            "

- [OUTPUT] ft_printf("%-5p%-5p%-5p%-5p%-5p%-5p%-5p%-5p%-5p%-5p%-5p%-5p",&a01,&a02,&a03,&a04,&a05,&a06,&a07,&a08,&a09,&a10,&a11,&a12)
   expected: "0x595cd054a1680x595cd054a1690x595cd054a16a0x595cd054a16c0x595cd054a1700x595cd054a1740x595cd054a1780x595cd054a1800x595cd054a1880x595cd054a1900x595cd054a1980x595cd054a1a0"
   actual:   "0xd054a1680xd054a1690xd054a16a0xd054a16c0xd054a1700xd054a1740xd054a1780xd054a1800xd054a1880xd054a1900xd054a1980xd054a1a0"

- [OUTPUT] ft_printf("%-16p%-16p%-16p%-16p%-16p%-16p%-16p%-16p%-16p%-16p%-16p%-16p",&a01,&a02,&a03,&a04,&a05,&a06,&a07,&a08,&a09,&a10,&a11,&a12)
   expected: "0x595cd054a168  0x595cd054a169  0x595cd054a16a  0x595cd054a16c  0x595cd054a170  0x595cd054a174  0x595cd054a178  0x595cd054a180  0x595cd054a188  0x595cd054a190  0x595cd054a198  0x595cd054a1a0  "
   actual:   "0xd054a168      0xd054a169      0xd054a16a      0xd054a16c      0xd054a170      0xd054a174      0xd054a178      0xd054a180      0xd054a188      0xd054a190      0xd054a198      0xd054a1a0      "

- [OUTPUT] ft_printf("%-8p%-8p%-8p%-8p%-8p%-8p%-8p%-8p%-8p%-8p%-8p%-8p",&a01,&a02,&a03,&a04,&a05,&a06,&a07,&a08,&a09,&a10,&a11,&a12)
   expected: "0x595cd054a1680x595cd054a1690x595cd054a16a0x595cd054a16c0x595cd054a1700x595cd054a1740x595cd054a1780x595cd054a1800x595cd054a1880x595cd054a1900x595cd054a1980x595cd054a1a0"
   actual:   "0xd054a1680xd054a1690xd054a16a0xd054a16c0xd054a1700xd054a1740xd054a1780xd054a1800xd054a1880xd054a1900xd054a1980xd054a1a0"

- [OUTPUT] ft_printf("%-32p%-32p%-32p%-32p%-32p%-32p%-32p%-32p%-32p%-32p%-32p%-32p",&a01,&a02,&a03,&a04,&a05,&a06,&a07,&a08,&a09,&a10,&a11,&a12)
   expected: "0x595cd054a168                  0x595cd054a169                  0x595cd054a16a                  0x595cd054a16c                  0x595cd054a170                  0x595cd054a174                  0x595cd054a178                  0x595cd054a180                  0x595cd054a188                  0x595cd054a190                  0x595cd054a198                  0x595cd054a1a0                  "
   actual:   "0xd054a168                      0xd054a169                      0xd054a16a                      0xd054a16c                      0xd054a170                      0xd054a174                      0xd054a178                      0xd054a180                      0xd054a188                      0xd054a190                      0xd054a198                      0xd054a1a0                      "

- [OUTPUT] ft_printf("%-1c%-2c%-3c%-4c%-1c%-2c%-3c%-4c%-1c%-2c%-3c%-4c%-1c%-2c%-3c%-4c%-1c%-2c%-3c%-4c%-1c%-2c%-3c%-4c%-1c%-2c%-3c%-4c%-1c%-2c%-3c%-4c%-1c%-2c%-3c%-4c%-1c%-2c%-3c%-4c%-1c%-2c%-3c%-4c%-1c%-2c%-3c%-4c%-1c%-2c%-3c%-4c%-1c%-2c%-3c%-4c%-1c%-2c%-3c%-4c%-1c%-2c%-3c%-4c%-1c%-2c%-3c%-4c%-1c%-2c%-3c%-4c%-1c%-2c%-3c%-4c%-1c%-2c%-3c%-4c%-1c%-2c%-3c%-4c%-1c%-2c%-3c%-4c%-1c%-2c%-3c%-4c%-1c%-2c%-3c%-4c%-1c%-2c%-3c%-4c%-1c%-2c%-3c%-4c%-1c%-2c%-3c%-4c%-1c%-2c%-3c%-4c%-1c%-2c%-3c%-4c%-1c%-2c%-3c%-4c%-1c%-2c%-3c%-4c%-1c%-2c%-3c%-4c",(char)128,(char)129,(char)130, (char)131,(char)132,(char)133,(char)134,(char)135,(char)136,(char)137,(char)138,(char)139,(char)140,(char)141, (char)142,(char)143,(char)144,(char)145,(char)146,(char)147,(char)148,(char)149,(char)150,(char)151,(char)152, (char)153,(char)154,(char)155,(char)156,(char)157,(char)158,(char)159,(char)160,(char)161,(char)162,(char)163, (char)164,(char)165,(char)166,(char)167,(char)168,(char)169,(char)170,(char)171,(char)172,(char)173,(char)174, (char)175,(char)176,(char)177,(char)178,(char)179,(char)180,(char)181,(char)182,(char)183,(char)184,(char)185, (char)186,(char)187,(char)188,(char)189,(char)190,(char)191,(char)192,(char)193,(char)194,(char)195,(char)196, (char)197,(char)198,(char)199,(char)200,(char)201,(char)202,(char)203,(char)204,(char)205,(char)206,(char)207, (char)208,(char)209,(char)210,(char)211,(char)212,(char)213,(char)214,(char)215,(char)216,(char)217,(char)218, (char)219,(char)220,(char)221,(char)222,(char)223,(char)224,(char)225,(char)226,(char)227,(char)228,(char)229, (char)230,(char)231,(char)232,(char)233,(char)234,(char)235,(char)236,(char)237,(char)238,(char)239,(char)240, (char)241,(char)242,(char)243,(char)244,(char)245,(char)246,(char)247,(char)248,(char)249,(char)250,(char)251, (char)252,(char)253,(char)254,(char)255)
   expected: "                                                                                                                                                                                                \80\81\82\83\84\85\86\87\88\89\8a\8b\8c\8d\8e\8f\90\91\92\93\94\95\96\97\98\99\9a\9b\9c\9d\9e\9f\a0\a1\a2\a3\a4\a5\a6\a7\a8\a9\aa\ab\ac\ad\ae\af\b0\b1\b2\b3\b4\b5\b6\b7\b8\b9\ba\bb\bc\bd\be\bf\c0\c1\c2\c3\c4\c5\c6\c7\c8\c9\ca\cb\cc\cd\ce\cf\d0\d1\d2\d3\d4\d5\d6\d7\d8\d9\da\db\dc\dd\de\df\e0\e1\e2\e3\e4\e5\e6\e7\e8\e9\ea\eb\ec\ed\ee\ef\f0\f1\f2\f3\f4\f5\f6\f7\f8\f9\fa\fb\fc\fd\fe\ff"
   actual:   "                                                                                                                                                                                             \80\81\82\83\84\85\86\87\88\89\8a\8b\8c\8d\8e\8f\90\91\92\93\94\95\96\97\98\99\9a\9b\9c\9d\9e\9f\a0\a1\a2\a3\a4\a5\a6\a7\a8\a9\aa\ab\ac\ad\ae\af\b0\b1\b2\b3\b4\b5\b6\b7\b8\b9\ba\bb\bc\bd\be\bf\c0\c1\c2\c3\c4\c5\c6\c7\c8\c9\ca\cb\cc\cd\ce\cf\d0\d1\d2\d3\d4\d5\d6\d7\d8\d9\da\db\dc\dd\de\df\e0\e1\e2\e3\e4\e5\e6\e7\e8\e9\ea\eb\ec\ed\ee\ef\f0\f1\f2\f3\f4\f5\f6\f7\f8\f9\fa\fb\fc\fd\fe\ff"

- [OUTPUT] ft_printf("%p", &i)
   expected: "0x7ffe0d7202b0"
   actual:   "0xd7202b0"

- [OUTPUT] ft_printf("%p", &l)
   expected: "0x7ffe0d7202b0"
   actual:   "0xd7202b0"

- [OUTPUT] ft_printf("%p", &str)
   expected: "0x7ffe0d7202b0"
   actual:   "0xd7202b0"

- [OUTPUT] ft_printf("%p", &strlen)
   expected: "0x70101859d7e0"
   actual:   "0x1859d7e0"

- [OUTPUT] ft_printf("s: %s, p: %p, d:%d", "a string", &test_moulitest_06, 42)
   expected: "s: a string, p: 0x595cd044ec87, d:42"
   actual:   "s: a string, p: 0xd044ec87, d:42"

- [OUTPUT] ft_printf("%s%p%d%d%p%s%p%p%s", "a", &free, 1, 2, &malloc, "b", &free, &malloc, "c")
   expected: "a0x7010184a53e0120x7010184a50a0b0x7010184a53e00x7010184a50a0c"
   actual:   "a0x184a53e0120x184a50a0b0x184a53e00x184a50a0c"

- [OUTPUT] ft_printf("%u", 42)
   expected: "42"
   actual:   ""

- [OUTPUT] ft_printf("before %u after", 42)
   expected: "before 42 after"
   actual:   "before "

- [OUTPUT] ft_printf("%u%u%u%u%u", 1, 100, 999, 42, 999988888)
   expected: "110099942999988888"
   actual:   ""

- [OUTPUT] ft_printf("a%ub%uc%ud", 0, 55555, 100000)
   expected: "a0b55555c100000d"
   actual:   "a"

- [OUTPUT] ft_printf("%u", UINT_MAX)
   expected: "4294967295"
   actual:   ""

- [OUTPUT] ft_printf("%s %d %p %% %x", "bonjour ", 42, &free, 42)
   expected: "bonjour  42 0x7010184a53e0 % 2a"
   actual:   "bonjour  42 0x184a53e0 % 2a"

- [OUTPUT] ft_printf("{%-13p}", &strlen)
   expected: "{0x70101859d7e0}"
   actual:   "{0x1859d7e0   }"

- [OUTPUT] ft_printf("{%-12p}", &strlen)
   expected: "{0x70101859d7e0}"
   actual:   "{0x1859d7e0  }"

- [OUTPUT] ft_printf("{%010d}", -42)
   expected: "{-000000042}"
   actual:   "{0000000-42}"

- [OUTPUT] ft_printf("%.d, %.0d", 0, 0)
   expected: ", "
   actual:   "0, 0"

- [OUTPUT] ft_printf("%.i, %.0i", 0, 0)
   expected: ", "
   actual:   "0, 0"

- [OUTPUT] ft_printf("%.4u", 42)
   expected: "0042"
   actual:   ""

- [OUTPUT] ft_printf("%.4u", 424242)
   expected: "424242"
   actual:   ""

- [OUTPUT] ft_printf("%15.4u", 42)
   expected: "           0042"
   actual:   ""

- [OUTPUT] ft_printf("%15.4u", 424242)
   expected: "         424242"
   actual:   ""

- [OUTPUT] ft_printf("%8.4u", 424242424)
   expected: "424242424"
   actual:   ""

- [OUTPUT] ft_printf("%4.15u", 42)
   expected: "000000000000042"
   actual:   ""

- [OUTPUT] ft_printf("%4.15u", 424242)
   expected: "000000000424242"
   actual:   ""

- [OUTPUT] ft_printf("%4.8u", 424242424)
   expected: "424242424"
   actual:   ""

- [OUTPUT] ft_printf("%.u, %.0u", 0, 0)
   expected: ", "
   actual:   ""

- [OUTPUT] ft_printf("%.x, %.0x", 0, 0)
   expected: ", "
   actual:   "0, 0"

- [OUTPUT] ft_printf("%.X, %.0X", 0, 0)
   expected: ", "
   actual:   "0, 0"

- [OUTPUT] ft_printf("%.4s", "42 is the answer")
   expected: "42 i"
   actual:   "42 is the answer"

- [OUTPUT] ft_printf("%15.4s", "I am 42")
   expected: "           I am"
   actual:   "        I am 42"

- [OUTPUT] ft_printf("%15.4s", "42 is the answer")
   expected: "           42 i"
   actual:   "42 is the answer"

- [OUTPUT] ft_printf("%4.15s", "42 is the answer")
   expected: "42 is the answe"
   actual:   "42 is the answer"

- [OUTPUT] ft_printf("%4.s", "42")
   expected: "    "
   actual:   "  42"

- [OUTPUT] ft_printf("%u", -42)
   expected: "4294967254"
   actual:   ""

- [OUTPUT] ft_printf("%u", UINT_MAX + 1)
   expected: "0"
   actual:   ""

- [OUTPUT] ft_printf("pp %.50d\n", 10000)
   expected: "pp 00000000000000000000000000000000000000000000010000\n"
   actual:   "pp "

- [OUTPUT] ft_printf("p3 %.4s\n", NULL)
   expected: "p3 \n"
   actual:   "p3 "

- [OUTPUT] ft_printf("p9 %.50d\n", 100)
   expected: "p9 00000000000000000000000000000000000000000000000100\n"
   actual:   "p9 "

- [OUTPUT] ft_printf("p12 %.0d\n", 0)
   expected: "p12 \n"
   actual:   "p12 0\n"

- [OUTPUT] ft_printf("p17 %.50i\n", 100)
   expected: "p17 00000000000000000000000000000000000000000000000100\n"
   actual:   "p17 "

- [OUTPUT] ft_printf("p20 %.0x\n", 0)
   expected: "p20 \n"
   actual:   "p20 0\n"

- [OUTPUT] ft_printf("p25 %.50x\n", 100)
   expected: "p25 00000000000000000000000000000000000000000000000064\n"
   actual:   "p25 "

- [OUTPUT] ft_printf("p28 %.0x\n", 0)
   expected: "p28 \n"
   actual:   "p28 0\n"

- [OUTPUT] ft_printf("p29 %.3u\n", 100)
   expected: "p29 100\n"
   actual:   "p29 "

- [OUTPUT] ft_printf("p30 %.0u\n", 100)
   expected: "p30 100\n"
   actual:   "p30 "

- [OUTPUT] ft_printf("p31 %.4u\n", 100)
   expected: "p31 0100\n"
   actual:   "p31 "

- [OUTPUT] ft_printf("p32 %.10u\n", 100)
   expected: "p32 0000000100\n"
   actual:   "p32 "

- [OUTPUT] ft_printf("p33 %.50u\n", 100)
   expected: "p33 00000000000000000000000000000000000000000000000100\n"
   actual:   "p33 "

- [OUTPUT] ft_printf("p34 %.1u\n", 100)
   expected: "p34 100\n"
   actual:   "p34 "

- [OUTPUT] ft_printf("p35 %.3u\n", 100)
   expected: "p35 100\n"
   actual:   "p35 "

- [OUTPUT] ft_printf("p36 %.0u\n", 0)
   expected: "p36 \n"
   actual:   "p36 "

- [OUTPUT] ft_printf("Hello 42 school! %s", NULL)
   expected: "Hello 42 school! (null)"
   actual:   "Hello 42 school! "

- [OUTPUT] ft_printf("%40.50d\n", 50)
   expected: "00000000000000000000000000000000000000000000000050\n"
   actual:   ""

- [OUTPUT] ft_printf("%p\n", NULL)
   expected: "(nil)\n"
   actual:   "0x0\n"

- [OUTPUT] ft_printf("%15p\n", NULL)
   expected: "          (nil)\n"
   actual:   "            0x0\n"

- [OUTPUT] ft_printf("%-15p\n", NULL)
   expected: "(nil)          \n"
   actual:   "0x0            \n"

- [OUTPUT] ft_printf("%50.2s", "Coucou")
   expected: "                                                Co"
   actual:   "                                            Coucou"

- [OUTPUT] ft_printf("%50.2s", NULL)
   expected: "                                                  "
   actual:   ""

- [OUTPUT] ft_printf("%5.0s", "Hello")
   expected: "     "
   actual:   "Hello"

- [OUTPUT] ft_printf("%.1s", "Test")
   expected: "T"
   actual:   "Test"

- [OUTPUT] ft_printf("%10s", NULL)
   expected: "    (null)"
   actual:   ""

- [OUTPUT] ft_printf("%1p\n", &t)
   expected: "0x7ffe0d71fe30\n"
   actual:   "0xd71fe30\n"

- [OUTPUT] ft_printf("%1p\n", &t)
   expected: "0x7ffe0d71fe30\n"
   actual:   "0xd71fe30\n"

- [OUTPUT] ft_printf("t4 %50.50d\n", 10)
   expected: "t4 00000000000000000000000000000000000000000000000010\n"
   actual:   "t4 "

- [OUTPUT] ft_printf("t7 %1.50d\n", -10)
   expected: "t7 -00000000000000000000000000000000000000000000000010\n"
   actual:   "t7 "

- [OUTPUT] ft_printf("t8 %1.50d\n", 10)
   expected: "t8 00000000000000000000000000000000000000000000000010\n"
   actual:   "t8 "

- [OUTPUT] ft_printf("t12 %.0d\n", 0)
   expected: "t12 \n"
   actual:   "t12 0\n"

- [OUTPUT] ft_printf("31 This is an int : %.0d\n\n", 0)
   expected: "31 This is an int : \n\n"
   actual:   "31 This is an int : 0\n\n"

- [OUTPUT] ft_printf("%u", 1024u)
   expected: "1024"
   actual:   ""

- [OUTPUT] ft_printf("%u", -1024u)
   expected: "4294966272"
   actual:   ""

- [OUTPUT] ft_printf("%1u", 1024u)
   expected: "1024"
   actual:   ""

- [OUTPUT] ft_printf("%1u", -1024u)
   expected: "4294966272"
   actual:   ""

- [OUTPUT] ft_printf("%20u", 1024u)
   expected: "                1024"
   actual:   ""

- [OUTPUT] ft_printf("%20u", -1024u)
   expected: "          4294966272"
   actual:   ""

- [OUTPUT] ft_printf("%-20u", 1024u)
   expected: "1024                "
   actual:   ""

- [OUTPUT] ft_printf("%-20u", -1024u)
   expected: "4294966272          "
   actual:   ""

- [OUTPUT] ft_printf("%020d", -1024)
   expected: "-0000000000000001024"
   actual:   "000000000000000-1024"

- [OUTPUT] ft_printf("%020i", -1024)
   expected: "-0000000000000001024"
   actual:   "000000000000000-1024"

- [OUTPUT] ft_printf("%020u", 1024u)
   expected: "00000000000000001024"
   actual:   ""

- [OUTPUT] ft_printf("%020u", -1024u)
   expected: "00000000004294966272"
   actual:   ""

- [OUTPUT] ft_printf("%.20u", 1024u)
   expected: "00000000000000001024"
   actual:   ""

- [OUTPUT] ft_printf("%.20u", -1024u)
   expected: "00000000004294966272"
   actual:   ""

- [OUTPUT] ft_printf("%20.5s", "Hallo heimur")
   expected: "               Hallo"
   actual:   "        Hallo heimur"

- [OUTPUT] ft_printf("%20.5u", 1024u)
   expected: "               01024"
   actual:   ""

- [OUTPUT] ft_printf("%20.5u", -1024u)
   expected: "          4294966272"
   actual:   ""

- [OUTPUT] ft_printf("%020.5u", 1024u)
   expected: "               01024"
   actual:   ""

- [OUTPUT] ft_printf("%020.5u", -1024u)
   expected: "          4294966272"
   actual:   ""

- [OUTPUT] ft_printf("%.0s", "Hallo heimur")
   expected: ""
   actual:   "Hallo heimur"

- [OUTPUT] ft_printf("%20.0s", "Hallo heimur")
   expected: "                    "
   actual:   "        Hallo heimur"

- [OUTPUT] ft_printf("%.s", "Hallo heimur")
   expected: ""
   actual:   "Hallo heimur"

- [OUTPUT] ft_printf("%20.s", "Hallo heimur")
   expected: "                    "
   actual:   "        Hallo heimur"

- [OUTPUT] ft_printf("%20.d", 0)
   expected: "                    "
   actual:   "                   0"

- [OUTPUT] ft_printf("%20.i", 0)
   expected: "                    "
   actual:   "                   0"

- [OUTPUT] ft_printf("%20.u", 1024u)
   expected: "                1024"
   actual:   ""

- [OUTPUT] ft_printf("%20.0u", -1024u)
   expected: "          4294966272"
   actual:   ""

- [OUTPUT] ft_printf("%20.u", 0u)
   expected: "                    "
   actual:   ""

- [OUTPUT] ft_printf("%20.x", 0u)
   expected: "                    "
   actual:   "                   0"

- [OUTPUT] ft_printf("%20.X", 0u)
   expected: "                    "
   actual:   "                   0"

- [OUTPUT] ft_printf("%--194.54X" ,3852169892u)
   expected: "0000000000000000000000000000000000000000000000E59B72A4                                                                                                                                            "
   actual:   ""

- [OUTPUT] ft_printf("%-114.24i%-174.164i" ,-608242235,-1247846882)
   expected: "-000000000000000608242235                                                                                         -00000000000000000000000000000000000000000000000000000000000000000000000000000000000000000000000000000000000000000000000000000000000000000000000000000000001247846882         "
   actual:   "-000000000000000608242235                                                                                         -"

- [OUTPUT] ft_printf("%-135p" ,(void*)166017542380380199lu)
   expected: "0x24dd0134010e027                                                                                                                      "
   actual:   "0x4010e027                                                                                                                             "

- [OUTPUT] ft_printf("%--73.154d" ,-1185050931)
   expected: "-0000000000000000000000000000000000000000000000000000000000000000000000000000000000000000000000000000000000000000000000000000000000000000000000001185050931"
   actual:   "-"

- [OUTPUT] ft_printf("%-78.100u%0091.158x" ,2490445787u,628341766u)
   expected: "00000000000000000000000000000000000000000000000000000000000000000000000000000000000000000024904457870000000000000000000000000000000000000000000000000000000000000000000000000000000000000000000000000000000000000000000000000000000000000000000000000000002573bc06"
   actual:   ""

- [OUTPUT] ft_printf("%012.84u" ,2880913598u)
   expected: "000000000000000000000000000000000000000000000000000000000000000000000000002880913598"
   actual:   ""

- [OUTPUT] ft_printf("%0176.18i%0131.59i%-86X%---45.36X" ,-1748967713,-1568187420,124888334u,2293430389u)
   expected: "                                                                                                                                                             -000000001748967713                                                                       -00000000000000000000000000000000000000000000000001568187420771A50E                                                                               000000000000000000000000000088B2F875         "
   actual:   "                                                                                                                                                             -000000001748967713"

- [OUTPUT] ft_printf("%--40.183X%-178.81X%036.192u%-119.27s" ,2684215029u,410939004u,2169426684u,"!ufvJeVr`+BF#EV")
   expected: "00000000000000000000000000000000000000000000000000000000000000000000000000000000000000000000000000000000000000000000000000000000000000000000000000000000000000000000000000000009FFDDEF50000000000000000000000000000000000000000000000000000000000000000000000000187E6E7C                                                                                                 000000000000000000000000000000000000000000000000000000000000000000000000000000000000000000000000000000000000000000000000000000000000000000000000000000000000000000000000000000000000002169426684!ufvJeVr`+BF#EV                                                                                                        "
   actual:   ""

- [OUTPUT] ft_printf("%098.58d%--7.168d" ,549613177,850697743)
   expected: "                                        0000000000000000000000000000000000000000000000000549613177000000000000000000000000000000000000000000000000000000000000000000000000000000000000000000000000000000000000000000000000000000000000000000000000000000000000000850697743"
   actual:   ""

- [OUTPUT] ft_printf("%-48p%-164c" ,(void*)9888845855039847185lu,114)
   expected: "0x893c3ce96c3e7b11                              r                                                                                                                                                                   "
   actual:   "0x6c3e7b11                                      r                                                                                                                                                                   "

- [OUTPUT] ft_printf("%-70.193x%-140c%168c%026.51%%0125.119X" ,1102840003u,-50,-17,3721437512u)
   expected: "0000000000000000000000000000000000000000000000000000000000000000000000000000000000000000000000000000000000000000000000000000000000000000000000000000000000000000000000000000000000000000041bc00c3                                                                                                                                                                                                                                                                                                                  %      000000000000000000000000000000000000000000000000000000000000000000000000000000000000000000000000000000000000000DDD0A148\ce\ef"
   actual:   ""

- [OUTPUT] ft_printf("%104.60s%109c%-9p" ,"}&@/h\n\f<C",36,(void*)14251011342640672780lu)
   expected: "                                                                                               }&@/h<C                                                                                                            $0xc5c5c34fa028f00c\n\0c"
   actual:   "                                                                                               }&@/h<C                                                                                                            $0xa028f00c\n\0c"

- [OUTPUT] ft_printf("%131p%--.42u%65c%-68c%-7c" ,(void*)14631880201060661778lu,1668628755u,110,-16,-32)
   expected: "                                                                                                                 0xcb0ee185144aba12000000000000000000000000000000001668628755                                                                n                                                                         \f0\e0"
   actual:   "                                                                                                                         0x144aba12"

- [OUTPUT] ft_printf("%---137.49s%-127.121X" ,"!^3W]E;3T;FBR(KBN|03|!us3&sT[",2181790462u)
   expected: "!^3W]E;3T;FBR(KBN|03|!us3&sT[                                                                                                            00000000000000000000000000000000000000000000000000000000000000000000000000000000000000000000000000000000000000000820B7AFE      "
   actual:   "!^3W]E;3T;FBR(KBN|03|!us3&sT[                                                                                                            "

- [OUTPUT] ft_printf("%--189p" ,(void*)8440737604753056005lu)
   expected: "0x752386216d966105                                                                                                                                                                           "
   actual:   "0x6d966105                                                                                                                                                                                   "

- [OUTPUT] ft_printf("%-38.146x" ,2598409833u)
   expected: "0000000000000000000000000000000000000000000000000000000000000000000000000000000000000000000000000000000000000000000000000000000000000000009ae09669"
   actual:   ""

- [OUTPUT] ft_printf("%-162.188x%000140.102X" ,2533724638u,3512081841u)
   expected: "000000000000000000000000000000000000000000000000000000000000000000000000000000000000000000000000000000000000000000000000000000000000000000000000000000000000000000000000000000000000970591de                                      0000000000000000000000000000000000000000000000000000000000000000000000000000000000000000000000D1561DB1"
   actual:   ""

- [OUTPUT] ft_printf("%023.150x" ,945656380u)
   expected: "0000000000000000000000000000000000000000000000000000000000000000000000000000000000000000000000000000000000000000000000000000000000000000000000385d923c"
   actual:   ""

- [OUTPUT] ft_printf("%-50c%-85.157%%--58.188X" ,9,274691972u)
   expected: "                                                 %000000000000000000000000000000000000000000000000000000000000000000000000000000000000000000000000000000000000000000000000000000000000000000000000000000000000000000000000000000000000105F7784\t"
   actual:   "                                                 %\t"

- [OUTPUT] ft_printf("%64p%038.87d%23c%--182.49i%--76.110%" ,(void*)10278319775164267212lu,-1550079501,30,-862355787)
   expected: "                                              0x8ea3ed60ee89facc-000000000000000000000000000000000000000000000000000000000000000000000000000001550079501                      -0000000000000000000000000000000000000000862355787                                                                                                                                    %\1e"
   actual:   "                                                      0xee89facc"

- [OUTPUT] ft_printf("%---130.58X%173.67s%-181.87u%-30c" ,1925387529u,"|0py&+BlK7]j3X\vDK",282509935u,-111)
   expected: "0000000000000000000000000000000000000000000000000072C31509                                                                                                                                                                                                                                    |0py&+BlK7]j3XDK000000000000000000000000000000000000000000000000000000000000000000000000000000282509935                                                                                                                           \v\91"
   actual:   ""

- [OUTPUT] ft_printf("%-132.186x%00129.46%%-191.181X%-75.123d%0033.123u" ,2222238685u,3146675666u,251185067,3453417465u)
   expected: "00000000000000000000000000000000000000000000000000000000000000000000000000000000000000000000000000000000000000000000000000000000000000000000000000000000000000000000000000000000008474abdd%00000000000000000000000000000000000000000000000000000000000000000000000000000000000000000000000000000000000000000000000000000000000000000000000000000000000000000000000000000BB8E75D2          000000000000000000000000000000000000000000000000000000000000000000000000000000000000000000000000000000000000000000251185067000000000000000000000000000000000000000000000000000000000000000000000000000000000000000000000000000000000000000003453417465"
   actual:   ""

- [OUTPUT] ft_printf("%-120p" ,(void*)5150423256795085944lu)
   expected: "0x4779faa9f82e7c78                                                                                                      "
   actual:   "0xf82e7c78                                                                                                              "

- [OUTPUT] ft_printf("%045.81X" ,1608282792u)
   expected: "00000000000000000000000000000000000000000000000000000000000000000000000005FDC72A8"
   actual:   ""

- [OUTPUT] ft_printf("%--198.101X%0145.12%%172c" ,935976394u,-118)
   expected: "00000000000000000000000000000000000000000000000000000000000000000000000000000000000000000000037C9DDCA                                                                                                 %                                                                                                                                                                           \8a"
   actual:   ""

- [OUTPUT] ft_printf("%120p%--55.128i" ,(void*)9377650025287837451lu,816352753)
   expected: "                                                                                                      0x82241b035936e70b00000000000000000000000000000000000000000000000000000000000000000000000000000000000000000000000000000000000000000000000816352753"
   actual:   "                                                                                                              0x5936e70b"

- [OUTPUT] ft_printf("%--60.36s%-86.108s%0091.147X" ,"ou=eS","Mq9\r",389939786u)
   expected: "ou=eS                                                       Mq9                                                                                  0000000000000000000000000000000000000000000000000000000000000000000000000000000000000000000000000000000000000000000000000000000000000000000173E024A\r"
   actual:   "ou=eS                                                       Mq9                                                                                  \r"

- [OUTPUT] ft_printf("%0020.149u%-99.97i" ,2945319386u,-1913054753)
   expected: "00000000000000000000000000000000000000000000000000000000000000000000000000000000000000000000000000000000000000000000000000000000000000000002945319386-0000000000000000000000000000000000000000000000000000000000000000000000000000000000000001913054753 "
   actual:   ""

- [OUTPUT] ft_printf("%-139.77X%-82.101x" ,4273984084u,639114854u)
   expected: "000000000000000000000000000000000000000000000000000000000000000000000FEBFD254                                                              00000000000000000000000000000000000000000000000000000000000000000000000000000000000000000000026181e66"
   actual:   ""

- [OUTPUT] ft_printf("%-64u" ,4204812483u)
   expected: "4204812483                                                      "
   actual:   ""

- [OUTPUT] ft_printf("%--180.61X" ,1396814909u)
   expected: "000000000000000000000000000000000000000000000000000005341B43D                                                                                                                       "
   actual:   ""

- [OUTPUT] ft_printf("%--63p%-62.182d" ,(void*)1199013529227388230lu,568134778)
   expected: "0x10a3c073c27c6546                                             00000000000000000000000000000000000000000000000000000000000000000000000000000000000000000000000000000000000000000000000000000000000000000000000000000000000000000000000000000568134778"
   actual:   "0xc27c6546                                                     "

- [OUTPUT] ft_printf("%50.10s%-44.68x%--78.43s" ,"Fj&Xd",665370725u,"/p@_T=e=^Cf7!g>fDE")
   expected: "                                             Fj&Xd00000000000000000000000000000000000000000000000000000000000027a8c065/p@_T=e=^Cf7!g>fDE                                                            "
   actual:   "                                             Fj&Xd"

- [OUTPUT] ft_printf("%-166.180X%--18.47d%---111.87%%8p%0114.24X" ,1637127682u,-1931431309,(void*)3522468094256045905lu,4291674618u)
   expected: "000000000000000000000000000000000000000000000000000000000000000000000000000000000000000000000000000000000000000000000000000000000000000000000000000000000000000000000000000061949602-00000000000000000000000000000000000001931431309%0x30e25211a2c75f51                                                                                          0000000000000000FFCDC1FA"
   actual:   ""

- [OUTPUT] ft_printf("%-55.46%%--171.99s%--56.41X%-173X" ,"7",3917830995u,3557113666u)
   expected: "%7                                                                                                                                                                          000000000000000000000000000000000E9855B53               D4053F42                                                                                                                                                                     "
   actual:   "%7                                                                                                                                                                          "

- [OUTPUT] ft_printf("%29p%0151.162x%---53.46u%-139.26X" ,(void*)17894711340605174765lu,1565093748u,662758369u,3536629372u)
   expected: "           0xf856c9276eecf3ed00000000000000000000000000000000000000000000000000000000000000000000000000000000000000000000000000000000000000000000000000000000000000000000000000000000005d496f740000000000000000000000000000000000000662758369       000000000000000000D2CCAE7C                                                                                                                 "
   actual:   "                   0x6eecf3ed"

- [OUTPUT] ft_printf("%-10.123X%---155.97x" ,382459494u,970578181u)
   expected: "000000000000000000000000000000000000000000000000000000000000000000000000000000000000000000000000000000000000000000016CBDE660000000000000000000000000000000000000000000000000000000000000000000000000000000000000000039d9d905                                                          "
   actual:   ""

- [OUTPUT] ft_printf("%-188c%-84.159x%-.82i%-192.158i" ,45,2099602418u,-590423754,1933619156)
   expected: "-                                                                                                                                                                                           00000000000000000000000000000000000000000000000000000000000000000000000000000000000000000000000000000000000000000000000000000000000000000000000000000007d2563f2-000000000000000000000000000000000000000000000000000000000000000000000000059042375400000000000000000000000000000000000000000000000000000000000000000000000000000000000000000000000000000000000000000000000000000000000000000000000000001933619156                                  "
   actual:   "-                                                                                                                                                                                           "

- [OUTPUT] ft_printf("%-p%-35p%00042.14i%p" ,(void*)1508633298498623712lu,(void*)4610270612598633961lu,-1053760970,(void*)4955973954213917723lu)
   expected: "0x14efbdfded5618e00x3ffaf8b2265d35e9                                            -000010537609700x44c7280db102341b"
   actual:   "0xed5618e00x265d35e9                                                    -000010537609700xb102341b"

- [OUTPUT] ft_printf("%--71c%074.49X%-50.195x%-106.79i" ,-112,1537135483u,4281417478u,1103336433)
   expected: "                                                                                               000000000000000000000000000000000000000005B9ED37B0000000000000000000000000000000000000000000000000000000000000000000000000000000000000000000000000000000000000000000000000000000000000000000000000000000000000000000000000000000000000000000ff313f060000000000000000000000000000000000000000000000000000000000000000000001103336433                           \90"
   actual:   "                                                                      \90"

- [OUTPUT] ft_printf("%0047.196X%0100.115u%--147.189u" ,4124736153u,3428700903u,661309797u)
   expected: "00000000000000000000000000000000000000000000000000000000000000000000000000000000000000000000000000000000000000000000000000000000000000000000000000000000000000000000000000000000000000000000F5DA7A990000000000000000000000000000000000000000000000000000000000000000000000000000000000000000000000000000000003428700903000000000000000000000000000000000000000000000000000000000000000000000000000000000000000000000000000000000000000000000000000000000000000000000000000000000000000000000000000000000000661309797"
   actual:   ""

- [OUTPUT] ft_printf("%-198.190i" ,-915338234)
   expected: "-0000000000000000000000000000000000000000000000000000000000000000000000000000000000000000000000000000000000000000000000000000000000000000000000000000000000000000000000000000000000000915338234       "
   actual:   "-"

- [OUTPUT] ft_printf("%0110.7u%-85.40X%---182.30s" ,1517824905u,3044934856u,".iM8/ct)(S")
   expected: "                                                                                                    151782490500000000000000000000000000000000B57E04C8                                             .iM8/ct)(S                                                                                                                                                                            "
   actual:   ""

- [OUTPUT] ft_printf("%108p%-175.188i" ,(void*)11721873312409420167lu,-653373315)
   expected: "                                                                                          0xa2ac75ac284b8187-00000000000000000000000000000000000000000000000000000000000000000000000000000000000000000000000000000000000000000000000000000000000000000000000000000000000000000000000000000000000653373315"
   actual:   "                                                                                                  0x284b8187-"

- [OUTPUT] ft_printf("%0134.185i%061.174d" ,1465312329,1402026716)
   expected: "00000000000000000000000000000000000000000000000000000000000000000000000000000000000000000000000000000000000000000000000000000000000000000000000000000000000000000000000000000001465312329000000000000000000000000000000000000000000000000000000000000000000000000000000000000000000000000000000000000000000000000000000000000000000000000000000000000000000001402026716"
   actual:   ""

- [OUTPUT] ft_printf("%.p", NULL)
   expected: "(nil)"
   actual:   "0x0"

- [OUTPUT] ft_printf("%.d", 0)
   expected: ""
   actual:   "0"

- [OUTPUT] ft_printf("%.u", 1)
   expected: "1"
   actual:   ""

- [OUTPUT] ft_printf("%.s", "aasf")
   expected: ""
   actual:   "aasf"

- [OUTPUT] ft_printf("%.p", NULL)
   expected: "(nil)"
   actual:   "0x0"

- [OUTPUT] ft_printf("%1.p", NULL)
   expected: "(nil)"
   actual:   "0x0"

- [OUTPUT] ft_printf("%1.u", 1)
   expected: "1"
   actual:   ""

- [OUTPUT] ft_printf("%1.s", "aasf")
   expected: " "
   actual:   "aasf"

- [OUTPUT] ft_printf("%1.p", NULL)
   expected: "(nil)"
   actual:   "0x0"

- [OUTPUT] ft_printf("%5.p", NULL)
   expected: "(nil)"
   actual:   "  0x0"

- [OUTPUT] ft_printf("%5.u", 1)
   expected: "    1"
   actual:   ""

- [OUTPUT] ft_printf("%5.s", "aasf")
   expected: "     "
   actual:   " aasf"

- [OUTPUT] ft_printf("%5.p", NULL)
   expected: "(nil)"
   actual:   "  0x0"

- [OUTPUT] ft_printf("-->|%-16.p|<-- ", NULL)
   expected: "-->|(nil)           |<-- "
   actual:   "-->|0x0             |<-- "

- [OUTPUT] ft_printf("-->|%-16.p|<-- ", NULL)
   expected: "-->|(nil)           |<-- "
   actual:   "-->|0x0             |<-- "

